2019-06-16 22:21:50,029 DEBUG a.ConfigFile [mercurypo.RunCukes.main()] Config [BROWSER, FIREFOX] 
2019-06-16 22:21:50,037 DEBUG a.ConfigFile [mercurypo.RunCukes.main()] Config [BROWSER_DRIVER_PATH, src/main/java/drivers/] 
2019-06-16 22:21:50,038 DEBUG a.ConfigFile [mercurypo.RunCukes.main()] Config [FIREFOX_DRIVER, geckodriver] 
2019-06-16 22:21:56,715 DEBUG a.ConfigFile [mercurypo.RunCukes.main()] Config [IS_MAXIMIZE, true] 
2019-06-16 22:21:57,395 DEBUG a.ConfigFile [mercurypo.RunCukes.main()] Config [IMPLICITLY_WAIT, 10] 
2019-06-16 22:21:57,407 INFO m.CucumberHooks [mercurypo.RunCukes.main()] Starting Scenario [User performs] 
2019-06-16 22:21:57,420 DEBUG a.ConfigFile [mercurypo.RunCukes.main()] Config [WEBAPP, MERCURY] 
2019-06-16 22:21:57,420 DEBUG a.ConfigFile [mercurypo.RunCukes.main()] Config [MERCURY_APP_URL, http://newtours.demoaut.com/] 
2019-06-16 22:21:57,420 INFO m.PageNavigation [mercurypo.RunCukes.main()] Loading [http://newtours.demoaut.com/] 
2019-06-16 22:21:59,923 INFO m.CucumberHooks [mercurypo.RunCukes.main()] Ending Scenario [User performs (PASSED) ] 
2019-06-16 22:23:53,910 DEBUG a.ConfigFile [mercurypo.RunCukes.main()] Config [BROWSER, FIREFOX] 
2019-06-16 22:23:53,916 DEBUG a.ConfigFile [mercurypo.RunCukes.main()] Config [BROWSER_DRIVER_PATH, src/main/java/drivers/] 
2019-06-16 22:23:53,918 DEBUG a.ConfigFile [mercurypo.RunCukes.main()] Config [FIREFOX_DRIVER, geckodriver] 
2019-06-16 22:23:59,036 DEBUG a.ConfigFile [mercurypo.RunCukes.main()] Config [IS_MAXIMIZE, true] 
2019-06-16 22:23:59,666 DEBUG a.ConfigFile [mercurypo.RunCukes.main()] Config [IMPLICITLY_WAIT, 10] 
2019-06-16 22:23:59,677 INFO m.CucumberHooks [mercurypo.RunCukes.main()] Starting Scenario [User performs] 
2019-06-16 22:23:59,692 DEBUG a.ConfigFile [mercurypo.RunCukes.main()] Config [WEBAPP, MERCURY] 
2019-06-16 22:23:59,692 DEBUG a.ConfigFile [mercurypo.RunCukes.main()] Config [MERCURY_APP_URL, http://newtours.demoaut.com/] 
2019-06-16 22:23:59,692 INFO m.PageNavigation [mercurypo.RunCukes.main()] Loading [http://newtours.demoaut.com/] 
2019-06-16 22:24:02,618 INFO m.CucumberHooks [mercurypo.RunCukes.main()] Ending Scenario [User performs (PASSED) ] 
2019-06-16 22:24:34,990 DEBUG a.ConfigFile [mercurypo.RunCukes.main()] Config [BROWSER, FIREFOX] 
2019-06-16 22:24:34,996 DEBUG a.ConfigFile [mercurypo.RunCukes.main()] Config [BROWSER_DRIVER_PATH, src/main/java/drivers/] 
2019-06-16 22:24:34,998 DEBUG a.ConfigFile [mercurypo.RunCukes.main()] Config [FIREFOX_DRIVER, geckodriver] 
2019-06-16 22:24:39,910 DEBUG a.ConfigFile [mercurypo.RunCukes.main()] Config [IS_MAXIMIZE, true] 
2019-06-16 22:24:40,530 DEBUG a.ConfigFile [mercurypo.RunCukes.main()] Config [IMPLICITLY_WAIT, 10] 
2019-06-16 22:24:40,539 INFO m.CucumberHooks [mercurypo.RunCukes.main()] Starting Scenario [User performs] 
2019-06-16 22:24:40,548 DEBUG a.ConfigFile [mercurypo.RunCukes.main()] Config [WEBAPP, MERCURY] 
2019-06-16 22:24:40,549 DEBUG a.ConfigFile [mercurypo.RunCukes.main()] Config [MERCURY_APP_URL, http://newtours.demoaut.com/] 
2019-06-16 22:24:40,549 INFO m.PageNavigation [mercurypo.RunCukes.main()] Loading [http://newtours.demoaut.com/] 
2019-06-16 22:24:43,373 INFO m.CucumberHooks [mercurypo.RunCukes.main()] Ending Scenario [User performs (PASSED) ] 
2019-06-16 22:25:42,581 DEBUG a.ConfigFile [mercurypo.RunCukes.main()] Config [BROWSER, FIREFOX] 
2019-06-16 22:25:42,587 DEBUG a.ConfigFile [mercurypo.RunCukes.main()] Config [BROWSER_DRIVER_PATH, src/main/java/drivers/] 
2019-06-16 22:25:42,588 DEBUG a.ConfigFile [mercurypo.RunCukes.main()] Config [FIREFOX_DRIVER, geckodriver] 
2019-06-16 22:25:47,762 DEBUG a.ConfigFile [mercurypo.RunCukes.main()] Config [IS_MAXIMIZE, true] 
2019-06-16 22:25:48,400 DEBUG a.ConfigFile [mercurypo.RunCukes.main()] Config [IMPLICITLY_WAIT, 10] 
2019-06-16 22:25:48,410 INFO m.CucumberHooks [mercurypo.RunCukes.main()] Starting Scenario [User performs] 
2019-06-16 22:25:48,420 DEBUG a.ConfigFile [mercurypo.RunCukes.main()] Config [WEBAPP, MERCURY] 
2019-06-16 22:25:48,420 DEBUG a.ConfigFile [mercurypo.RunCukes.main()] Config [MERCURY_APP_URL, http://newtours.demoaut.com/] 
2019-06-16 22:25:48,421 INFO m.PageNavigation [mercurypo.RunCukes.main()] Loading [http://newtours.demoaut.com/] 
2019-06-16 22:25:51,309 INFO m.CucumberHooks [mercurypo.RunCukes.main()] Ending Scenario [User performs (PASSED) ] 
2019-06-16 22:26:18,628 DEBUG a.ConfigFile [mercurypo.RunCukes.main()] Config [BROWSER, CHROME] 
2019-06-16 22:26:18,641 DEBUG a.ConfigFile [mercurypo.RunCukes.main()] Config [BROWSER_DRIVER_PATH, src/main/java/drivers/] 
2019-06-16 22:26:18,643 DEBUG a.ConfigFile [mercurypo.RunCukes.main()] Config [CHROME_DRIVER, chromedriver] 
2019-06-16 22:26:23,116 DEBUG a.ConfigFile [mercurypo.RunCukes.main()] Config [BROWSER, CHROME] 
2019-06-16 22:26:23,120 DEBUG a.ConfigFile [mercurypo.RunCukes.main()] Config [BROWSER_DRIVER_PATH, src/main/java/drivers/] 
2019-06-16 22:26:23,123 DEBUG a.ConfigFile [mercurypo.RunCukes.main()] Config [CHROME_DRIVER, chromedriver] 
2019-06-16 22:29:47,471 DEBUG a.ConfigFile [mercurypo.RunCukes.main()] Config [BROWSER, CHROME] 
2019-06-16 22:29:47,478 DEBUG a.ConfigFile [mercurypo.RunCukes.main()] Config [BROWSER_DRIVER_PATH, src/main/java/drivers/] 
2019-06-16 22:29:47,480 DEBUG a.ConfigFile [mercurypo.RunCukes.main()] Config [CHROME_DRIVER, chromedriver] 
2019-06-16 22:29:50,498 DEBUG a.ConfigFile [mercurypo.RunCukes.main()] Config [IS_MAXIMIZE, true] 
2019-06-16 22:29:50,641 DEBUG a.ConfigFile [mercurypo.RunCukes.main()] Config [IMPLICITLY_WAIT, 10] 
2019-06-16 22:29:50,651 INFO m.CucumberHooks [mercurypo.RunCukes.main()] Starting Scenario [User performs] 
2019-06-16 22:29:50,662 DEBUG a.ConfigFile [mercurypo.RunCukes.main()] Config [WEBAPP, MERCURY] 
2019-06-16 22:29:50,662 DEBUG a.ConfigFile [mercurypo.RunCukes.main()] Config [MERCURY_APP_URL, http://newtours.demoaut.com/] 
2019-06-16 22:29:50,662 INFO m.PageNavigation [mercurypo.RunCukes.main()] Loading [http://newtours.demoaut.com/] 
2019-06-16 22:29:54,940 INFO m.CucumberHooks [mercurypo.RunCukes.main()] Ending Scenario [User performs (PASSED) ] 
2019-06-16 22:32:20,576 DEBUG a.ConfigFile [main] Config [BROWSER, FIREFOX] 
2019-06-16 22:32:20,583 DEBUG a.ConfigFile [main] Config [BROWSER_DRIVER_PATH, src/main/java/drivers/] 
2019-06-16 22:32:20,586 DEBUG a.ConfigFile [main] Config [FIREFOX_DRIVER, geckodriver] 
2019-06-16 22:32:20,736 DEBUG a.ConfigFile [main] Config [BROWSER, FIREFOX] 
2019-06-16 22:32:20,738 DEBUG a.ConfigFile [main] Config [BROWSER_DRIVER_PATH, src/main/java/drivers/] 
2019-06-16 22:32:20,740 DEBUG a.ConfigFile [main] Config [FIREFOX_DRIVER, geckodriver] 
2019-06-16 22:33:43,811 DEBUG a.ConfigFile [mercurypo.RunCukes.main()] Config [BROWSER, FIREFOX] 
2019-06-16 22:33:43,817 DEBUG a.ConfigFile [mercurypo.RunCukes.main()] Config [BROWSER_DRIVER_PATH, src/main/java/drivers/] 
2019-06-16 22:33:43,819 DEBUG a.ConfigFile [mercurypo.RunCukes.main()] Config [FIREFOX_DRIVER, geckodriver] 
2019-06-16 22:33:50,133 DEBUG a.ConfigFile [mercurypo.RunCukes.main()] Config [IS_MAXIMIZE, true] 
2019-06-16 22:33:50,796 DEBUG a.ConfigFile [mercurypo.RunCukes.main()] Config [IMPLICITLY_WAIT, 10] 
2019-06-16 22:33:50,805 INFO m.CucumberHooks [mercurypo.RunCukes.main()] Starting Scenario [User performs] 
2019-06-16 22:33:50,815 DEBUG a.ConfigFile [mercurypo.RunCukes.main()] Config [WEBAPP, MERCURY] 
2019-06-16 22:33:50,815 DEBUG a.ConfigFile [mercurypo.RunCukes.main()] Config [MERCURY_APP_URL, http://newtours.demoaut.com/] 
2019-06-16 22:33:50,815 INFO m.PageNavigation [mercurypo.RunCukes.main()] Loading [http://newtours.demoaut.com/] 
2019-06-16 22:33:57,000 INFO m.CucumberHooks [mercurypo.RunCukes.main()] Ending Scenario [User performs (PASSED) ] 
2019-06-16 22:34:07,191 DEBUG a.ConfigFile [main] Config [BROWSER, FIREFOX] 
2019-06-16 22:34:07,199 DEBUG a.ConfigFile [main] Config [BROWSER_DRIVER_PATH, src/main/java/drivers/] 
2019-06-16 22:34:07,204 DEBUG a.ConfigFile [main] Config [FIREFOX_DRIVER, geckodriver] 
2019-06-16 22:34:07,357 DEBUG a.ConfigFile [main] Config [BROWSER, FIREFOX] 
2019-06-16 22:34:07,359 DEBUG a.ConfigFile [main] Config [BROWSER_DRIVER_PATH, src/main/java/drivers/] 
2019-06-16 22:34:07,362 DEBUG a.ConfigFile [main] Config [FIREFOX_DRIVER, geckodriver] 
2019-06-16 22:40:05,737 DEBUG a.ConfigFile [main] Config [BROWSER, FIREFOX] 
2019-06-16 22:40:05,747 DEBUG a.ConfigFile [main] Config [BROWSER_DRIVER_PATH, src/main/java/drivers/] 
2019-06-16 22:40:05,751 DEBUG a.ConfigFile [main] Config [FIREFOX_DRIVER, geckodriver] 
2019-06-16 22:40:05,882 DEBUG a.ConfigFile [main] Config [BROWSER, FIREFOX] 
2019-06-16 22:40:05,884 DEBUG a.ConfigFile [main] Config [BROWSER_DRIVER_PATH, src/main/java/drivers/] 
2019-06-16 22:40:05,885 DEBUG a.ConfigFile [main] Config [FIREFOX_DRIVER, geckodriver] 
2019-06-16 22:40:58,068 DEBUG a.ConfigFile [main] Config [BROWSER, FIREFOX] 
2019-06-16 22:40:58,076 DEBUG a.ConfigFile [main] Config [BROWSER_DRIVER_PATH, src/main/java/drivers/] 
2019-06-16 22:40:58,079 DEBUG a.ConfigFile [main] Config [FIREFOX_DRIVER, geckodriver] 
2019-06-16 22:40:58,224 DEBUG a.ConfigFile [main] Config [BROWSER, FIREFOX] 
2019-06-16 22:40:58,226 DEBUG a.ConfigFile [main] Config [BROWSER_DRIVER_PATH, src/main/java/drivers/] 
2019-06-16 22:40:58,227 DEBUG a.ConfigFile [main] Config [FIREFOX_DRIVER, geckodriver] 
2019-06-16 22:45:41,166 DEBUG a.ConfigFile [main] Config [BROWSER, FIREFOX] 
2019-06-16 22:45:41,171 DEBUG a.ConfigFile [main] Config [BROWSER_DRIVER_PATH, src/main/java/drivers/] 
2019-06-16 22:45:41,173 DEBUG a.ConfigFile [main] Config [FIREFOX_DRIVER, geckodriver] 
2019-06-16 22:45:41,313 DEBUG a.ConfigFile [main] Config [BROWSER, FIREFOX] 
2019-06-16 22:45:41,315 DEBUG a.ConfigFile [main] Config [BROWSER_DRIVER_PATH, src/main/java/drivers/] 
2019-06-16 22:45:41,317 DEBUG a.ConfigFile [main] Config [FIREFOX_DRIVER, geckodriver] 
2019-06-16 22:47:40,664 DEBUG a.ConfigFile [main] Config [BROWSER, FIREFOX] 
2019-06-16 22:47:40,670 DEBUG a.ConfigFile [main] Config [BROWSER_DRIVER_PATH, src/main/java/drivers/] 
2019-06-16 22:47:40,672 DEBUG a.ConfigFile [main] Config [FIREFOX_DRIVER, geckodriver] 
2019-06-16 22:47:40,809 DEBUG a.ConfigFile [main] Config [BROWSER, FIREFOX] 
2019-06-16 22:47:40,811 DEBUG a.ConfigFile [main] Config [BROWSER_DRIVER_PATH, src/main/java/drivers/] 
2019-06-16 22:47:40,813 DEBUG a.ConfigFile [main] Config [FIREFOX_DRIVER, geckodriver] 
2019-06-16 22:51:11,121 DEBUG a.ConfigFile [main] Config [BROWSER, FIREFOX] 
2019-06-16 22:51:11,129 DEBUG a.ConfigFile [main] Config [BROWSER_DRIVER_PATH, src/main/java/drivers/] 
2019-06-16 22:51:11,132 DEBUG a.ConfigFile [main] Config [FIREFOX_DRIVER, geckodriver] 
2019-06-16 22:51:11,286 DEBUG a.ConfigFile [main] Config [BROWSER, FIREFOX] 
2019-06-16 22:51:11,289 DEBUG a.ConfigFile [main] Config [BROWSER_DRIVER_PATH, src/main/java/drivers/] 
2019-06-16 22:51:11,291 DEBUG a.ConfigFile [main] Config [FIREFOX_DRIVER, geckodriver] 
2019-06-16 22:51:30,004 DEBUG a.ConfigFile [main] Config [BROWSER, FIREFOX] 
2019-06-16 22:51:30,011 DEBUG a.ConfigFile [main] Config [BROWSER_DRIVER_PATH, src/main/java/drivers/] 
2019-06-16 22:51:30,015 DEBUG a.ConfigFile [main] Config [FIREFOX_DRIVER, geckodriver] 
2019-06-16 22:51:30,100 DEBUG a.ConfigFile [main] Config [BROWSER, FIREFOX] 
2019-06-16 22:51:30,101 DEBUG a.ConfigFile [main] Config [BROWSER_DRIVER_PATH, src/main/java/drivers/] 
2019-06-16 22:51:30,103 DEBUG a.ConfigFile [main] Config [FIREFOX_DRIVER, geckodriver] 
2019-06-16 22:53:23,895 DEBUG a.ConfigFile [main] Config [BROWSER, FIREFOX] 
2019-06-16 22:53:23,901 DEBUG a.ConfigFile [main] Config [BROWSER_DRIVER_PATH, src/main/java/drivers/] 
2019-06-16 22:53:23,904 DEBUG a.ConfigFile [main] Config [FIREFOX_DRIVER, geckodriver] 
2019-06-16 22:53:24,009 DEBUG a.ConfigFile [main] Config [BROWSER, FIREFOX] 
2019-06-16 22:53:24,011 DEBUG a.ConfigFile [main] Config [BROWSER_DRIVER_PATH, src/main/java/drivers/] 
2019-06-16 22:53:24,013 DEBUG a.ConfigFile [main] Config [FIREFOX_DRIVER, geckodriver] 
2019-06-16 22:54:01,584 DEBUG a.ConfigFile [main] Config [BROWSER, FIREFOX] 
2019-06-16 22:54:01,590 DEBUG a.ConfigFile [main] Config [BROWSER_DRIVER_PATH, src/main/java/drivers/] 
2019-06-16 22:54:01,593 DEBUG a.ConfigFile [main] Config [FIREFOX_DRIVER, geckodriver] 
2019-06-16 22:54:01,692 DEBUG a.ConfigFile [main] Config [BROWSER, FIREFOX] 
2019-06-16 22:54:01,695 DEBUG a.ConfigFile [main] Config [BROWSER_DRIVER_PATH, src/main/java/drivers/] 
2019-06-16 22:54:01,697 DEBUG a.ConfigFile [main] Config [FIREFOX_DRIVER, geckodriver] 
2019-06-16 23:07:38,729 DEBUG a.ConfigFile [main] Config [BROWSER, FIREFOX] 
2019-06-16 23:07:38,743 DEBUG a.ConfigFile [main] Config [BROWSER_DRIVER_PATH, src/main/java/drivers/] 
2019-06-16 23:07:38,746 DEBUG a.ConfigFile [main] Config [FIREFOX_DRIVER, geckodriver] 
2019-06-16 23:07:38,833 DEBUG a.ConfigFile [main] Config [BROWSER, FIREFOX] 
2019-06-16 23:07:38,835 DEBUG a.ConfigFile [main] Config [BROWSER_DRIVER_PATH, src/main/java/drivers/] 
2019-06-16 23:07:38,837 DEBUG a.ConfigFile [main] Config [FIREFOX_DRIVER, geckodriver] 
2019-06-16 23:25:16,641 DEBUG a.ConfigFile [main] Config [BROWSER, FIREFOX] 
2019-06-16 23:25:16,657 DEBUG a.ConfigFile [main] Config [BROWSER_DRIVER_PATH, src/main/java/drivers/] 
2019-06-16 23:25:16,660 DEBUG a.ConfigFile [main] Config [FIREFOX_DRIVER, geckodriver] 
2019-06-16 23:25:16,742 DEBUG a.ConfigFile [main] Config [BROWSER, FIREFOX] 
2019-06-16 23:25:16,744 DEBUG a.ConfigFile [main] Config [BROWSER_DRIVER_PATH, src/main/java/drivers/] 
2019-06-16 23:25:16,745 DEBUG a.ConfigFile [main] Config [FIREFOX_DRIVER, geckodriver] 
2019-06-16 23:26:53,155 DEBUG a.ConfigFile [main] Config [BROWSER, CHROME] 
2019-06-16 23:26:53,169 DEBUG a.ConfigFile [main] Config [BROWSER_DRIVER_PATH, src/main/java/drivers/] 
2019-06-16 23:26:53,173 DEBUG a.ConfigFile [main] Config [CHROME_DRIVER, chromedriver] 
2019-06-16 23:26:57,110 DEBUG a.ConfigFile [main] Config [IS_MAXIMIZE, true] 
2019-06-16 23:26:57,255 DEBUG a.ConfigFile [main] Config [IMPLICITLY_WAIT, 10] 
2019-06-16 23:26:57,275 INFO m.CucumberHooks [main] Starting Scenario [User performs] 
2019-06-16 23:26:57,344 DEBUG a.ConfigFile [main] Config [WEBAPP, MERCURY] 
2019-06-16 23:26:57,344 DEBUG a.ConfigFile [main] Config [MERCURY_APP_URL, http://newtours.demoaut.com/] 
2019-06-16 23:26:57,344 INFO m.PageNavigation [main] Loading [http://newtours.demoaut.com/] 
2019-06-16 23:27:00,351 INFO m.CucumberHooks [main] Ending Scenario [User performs (PASSED) ] 
2019-06-16 23:27:21,018 DEBUG a.ConfigFile [main] Config [BROWSER, CHROME] 
2019-06-16 23:27:21,025 DEBUG a.ConfigFile [main] Config [BROWSER_DRIVER_PATH, src/main/java/drivers/] 
2019-06-16 23:27:21,027 DEBUG a.ConfigFile [main] Config [CHROME_DRIVER, chromedriver] 
2019-06-16 23:27:24,596 DEBUG a.ConfigFile [main] Config [IS_MAXIMIZE, true] 
2019-06-16 23:27:24,769 DEBUG a.ConfigFile [main] Config [IMPLICITLY_WAIT, 10] 
2019-06-16 23:27:24,775 INFO m.CucumberHooks [main] Starting Scenario [User performs] 
2019-06-16 23:27:24,786 DEBUG a.ConfigFile [main] Config [WEBAPP, MERCURY] 
2019-06-16 23:27:24,786 DEBUG a.ConfigFile [main] Config [MERCURY_APP_URL, http://newtours.demoaut.com/] 
2019-06-16 23:27:24,786 INFO m.PageNavigation [main] Loading [http://newtours.demoaut.com/] 
2019-06-16 23:27:27,569 INFO m.CucumberHooks [main] Ending Scenario [User performs (PASSED) ] 
2019-06-16 23:27:54,618 DEBUG a.ConfigFile [main] Config [BROWSER, FIREFOX] 
2019-06-16 23:27:54,626 DEBUG a.ConfigFile [main] Config [BROWSER_DRIVER_PATH, src/main/java/drivers/] 
2019-06-16 23:27:54,630 DEBUG a.ConfigFile [main] Config [FIREFOX_DRIVER, geckodriver] 
2019-06-16 23:27:54,733 DEBUG a.ConfigFile [main] Config [BROWSER, FIREFOX] 
2019-06-16 23:27:54,735 DEBUG a.ConfigFile [main] Config [BROWSER_DRIVER_PATH, src/main/java/drivers/] 
2019-06-16 23:27:54,738 DEBUG a.ConfigFile [main] Config [FIREFOX_DRIVER, geckodriver] 
2019-06-16 23:30:59,156 DEBUG a.ConfigFile [mercurypo.RunCukes.main()] Config [BROWSER, FIREFOX] 
2019-06-16 23:30:59,167 DEBUG a.ConfigFile [mercurypo.RunCukes.main()] Config [BROWSER_DRIVER_PATH, src/main/java/drivers/] 
2019-06-16 23:30:59,170 DEBUG a.ConfigFile [mercurypo.RunCukes.main()] Config [FIREFOX_DRIVER, geckodriver] 
2019-06-16 23:31:06,306 DEBUG a.ConfigFile [mercurypo.RunCukes.main()] Config [IS_MAXIMIZE, true] 
2019-06-16 23:31:06,952 DEBUG a.ConfigFile [mercurypo.RunCukes.main()] Config [IMPLICITLY_WAIT, 10] 
2019-06-16 23:31:06,961 INFO m.CucumberHooks [mercurypo.RunCukes.main()] Starting Scenario [User performs] 
2019-06-16 23:31:06,975 DEBUG a.ConfigFile [mercurypo.RunCukes.main()] Config [WEBAPP, MERCURY] 
2019-06-16 23:31:06,975 DEBUG a.ConfigFile [mercurypo.RunCukes.main()] Config [MERCURY_APP_URL, http://newtours.demoaut.com/] 
2019-06-16 23:31:06,975 INFO m.PageNavigation [mercurypo.RunCukes.main()] Loading [http://newtours.demoaut.com/] 
2019-06-16 23:31:09,326 INFO m.CucumberHooks [mercurypo.RunCukes.main()] Ending Scenario [User performs (PASSED) ] 
2019-06-17 01:41:35,639 INFO m.CucumberHooks [mercurypo.RunCukes.main()] Starting Scenario [User performs] 
2019-06-17 01:41:35,659 INFO m.PageNavigation [mercurypo.RunCukes.main()] Loading [http://newtours.demoaut.com/] 
2019-06-17 01:41:38,037 INFO m.CucumberHooks [mercurypo.RunCukes.main()] Ending Scenario [User performs (PASSED) ] 
2019-06-17 01:46:48,595 INFO m.CucumberHooks [mercurypo.RunCukes.main()] Starting Scenario [User performs] 
2019-06-17 01:46:48,608 INFO m.PageNavigation [mercurypo.RunCukes.main()] Loading [http://newtours.demoaut.com/] 
2019-06-17 01:46:51,311 INFO m.CucumberHooks [mercurypo.RunCukes.main()] Ending Scenario [User performs (PASSED) ] 
